Using pre-set license
Built from '2020.3/release' branch; Version is '2020.3.1f1 (77a89f25062f) revision 7841951'; Using compiler version '192528614'; Build Type 'Release'
OS: 'Windows 10 Education; OS build 19042.1237; Version 2009; 64bit' Language: 'hu' Physical Memory: 32715 MB
BatchMode: 1, IsHumanControllingUs: 0, StartBugReporterOnCrash: 0, Is64bit: 1, IsPro: 0

 COMMAND LINE ARGUMENTS:
C:\Program Files\Unity\Hub\Editor\2020.3.1f1\Editor\Unity.exe
-adb2
-batchMode
-noUpm
-name
AssetImportWorker0
-projectPath
C:/Users/kortvelyin00/Documents/Unity projects/BuildMap2
-logFile
Logs/AssetImportWorker0.log
-srvPort
57162
Successfully changed project path to: C:/Users/kortvelyin00/Documents/Unity projects/BuildMap2
C:/Users/kortvelyin00/Documents/Unity projects/BuildMap2
Using Asset Import Pipeline V2.
Refreshing native plugins compatible for Editor in 41.23 ms, found 0 plugins.
Preloading 0 native plugins for Editor in 0.00 ms.
Initialize engine version: 2020.3.1f1 (77a89f25062f)
[Subsystems] Discovering subsystems at path C:/Program Files/Unity/Hub/Editor/2020.3.1f1/Editor/Data/Resources/UnitySubsystems
[Subsystems] Discovering subsystems at path C:/Users/kortvelyin00/Documents/Unity projects/BuildMap2/Assets
GfxDevice: creating device client; threaded=0
Direct3D:
    Version:  Direct3D 11.0 [level 11.1]
    Renderer: NVIDIA GeForce GTX 1650 (ID=0x1f0a)
    Vendor:   
    VRAM:     3961 MB
    Driver:   27.21.14.5671
Initialize mono
Mono path[0] = 'C:/Program Files/Unity/Hub/Editor/2020.3.1f1/Editor/Data/Managed'
Mono path[1] = 'C:/Program Files/Unity/Hub/Editor/2020.3.1f1/Editor/Data/MonoBleedingEdge/lib/mono/unityjit'
Mono config path = 'C:/Program Files/Unity/Hub/Editor/2020.3.1f1/Editor/Data/MonoBleedingEdge/etc'
Using monoOptions --debugger-agent=transport=dt_socket,embedding=1,server=y,suspend=n,address=127.0.0.1:56952
Begin MonoManager ReloadAssembly
Registering precompiled unity dll's ...
Register platform support module: C:/Program Files/Unity/Hub/Editor/2020.3.1f1/Editor/Data/PlaybackEngines/WindowsStandaloneSupport/UnityEditor.WindowsStandalone.Extensions.dll
Registered in 0.001679 seconds.
Native extension for WindowsStandalone target not found
Refreshing native plugins compatible for Editor in 26.57 ms, found 0 plugins.
Preloading 0 native plugins for Editor in 0.00 ms.
Invoked RoslynAnalysisRunner static constructor.
RoslynAnalysisRunner will not be running.
RoslynAnalysisRunner has terminated.
Mono: successfully reloaded assembly
- Completed reload, in  1.796 seconds
Platform modules already initialized, skipping
Registering precompiled user dll's ...
Registered in 0.003403 seconds.
Begin MonoManager ReloadAssembly
Native extension for WindowsStandalone target not found
Refreshing native plugins compatible for Editor in 0.43 ms, found 0 plugins.
Preloading 0 native plugins for Editor in 0.00 ms.
Invoked RoslynAnalysisRunner static constructor.
RoslynAnalysisRunner will not be running.
RoslynAnalysisRunner has terminated.
Mono: successfully reloaded assembly
- Completed reload, in  0.710 seconds
Platform modules already initialized, skipping
========================================================================
Worker process is ready to serve import requests
Launched and connected shader compiler UnityShaderCompiler.exe after 0.04 seconds
Refreshing native plugins compatible for Editor in 0.41 ms, found 0 plugins.
Preloading 0 native plugins for Editor in 0.00 ms.
Unloading 1714 Unused Serialized files (Serialized files now loaded: 0)
System memory in use before: 78.2 MB.
System memory in use after: 78.2 MB.

Unloading 17 unused Assets to reduce memory usage. Loaded Objects now: 2151.
Total: 1.773300 ms (FindLiveObjects: 0.201400 ms CreateObjectMapping: 0.045300 ms MarkObjects: 1.466500 ms  DeleteObjects: 0.059400 ms)

========================================================================
Received Import Request.
  path: Assets/Prefabs/meshprefab.prefab
  artifactKey: Guid(dc4f686be3eb0994aadf140cd9a3e8c4) Importer(815301076,1909f56bfc062723c751e8b465ee728b)
Start importing Assets/Prefabs/meshprefab.prefab using Guid(dc4f686be3eb0994aadf140cd9a3e8c4) Importer(815301076,1909f56bfc062723c751e8b465ee728b)  -> (artifact id: '20e8518ebeeba053e251905ae9094c2e') in 0.054144 seconds
  Import took 0.057055 seconds .

========================================================================
Received Import Request.
  Time since last request: 0.000161 seconds.
  path: Assets/Prefabs/PlayerButtons.prefab
  artifactKey: Guid(4f43ccfe19cb5c14e8eec806366b7524) Importer(815301076,1909f56bfc062723c751e8b465ee728b)
Start importing Assets/Prefabs/PlayerButtons.prefab using Guid(4f43ccfe19cb5c14e8eec806366b7524) Importer(815301076,1909f56bfc062723c751e8b465ee728b)  -> (artifact id: 'a4a94db3f90965a4004ec9f84dfcff01') in 0.037041 seconds
  Import took 0.039818 seconds .

========================================================================
Received Import Request.
  Time since last request: 0.000172 seconds.
  path: Assets/Prefabs/Move.prefab
  artifactKey: Guid(beae5d6a9025ebb4a8bf196ab816c0f6) Importer(815301076,1909f56bfc062723c751e8b465ee728b)
Start importing Assets/Prefabs/Move.prefab using Guid(beae5d6a9025ebb4a8bf196ab816c0f6) Importer(815301076,1909f56bfc062723c751e8b465ee728b)  -> (artifact id: '9bbf7c6f1573712fbcf7dbc8bee73cdb') in 0.010686 seconds
  Import took 0.013933 seconds .

========================================================================
Received Import Request.
  Time since last request: 0.000175 seconds.
  path: Assets/Prefabs/Sphere.prefab
  artifactKey: Guid(d0c755faf06709845827fbe94c8f3523) Importer(815301076,1909f56bfc062723c751e8b465ee728b)
Start importing Assets/Prefabs/Sphere.prefab using Guid(d0c755faf06709845827fbe94c8f3523) Importer(815301076,1909f56bfc062723c751e8b465ee728b)  -> (artifact id: '0c5c743e3e66e1ce62613bd79f450ec7') in 0.052399 seconds
  Import took 0.055528 seconds .

========================================================================
Received Import Request.
  Time since last request: 0.000170 seconds.
  path: Assets/Prefabs/PlayerObject Variant.prefab
  artifactKey: Guid(532f7d33b1de96f4d91618b3ab92b786) Importer(815301076,1909f56bfc062723c751e8b465ee728b)
Start importing Assets/Prefabs/PlayerObject Variant.prefab using Guid(532f7d33b1de96f4d91618b3ab92b786) Importer(815301076,1909f56bfc062723c751e8b465ee728b)  -> (artifact id: 'e2fdb4cdf21e200f6cbe29446f7ce74f') in 0.011961 seconds
  Import took 0.014991 seconds .

========================================================================
Received Import Request.
  Time since last request: 0.000136 seconds.
  path: Assets/Prefabs/Helpingcube 2.prefab
  artifactKey: Guid(f27bf3525c5918d429536cf9ff12abb5) Importer(815301076,1909f56bfc062723c751e8b465ee728b)
Start importing Assets/Prefabs/Helpingcube 2.prefab using Guid(f27bf3525c5918d429536cf9ff12abb5) Importer(815301076,1909f56bfc062723c751e8b465ee728b)  -> (artifact id: '66f53a3df5acbdbd2ada5dbe8c62dfd5') in 0.012127 seconds
  Import took 0.015288 seconds .

========================================================================
Received Import Request.
  Time since last request: 0.000210 seconds.
  path: Assets/Prefabs/square renderer.prefab
  artifactKey: Guid(3813128aded315043a64aad78d4d8044) Importer(815301076,1909f56bfc062723c751e8b465ee728b)
Start importing Assets/Prefabs/square renderer.prefab using Guid(3813128aded315043a64aad78d4d8044) Importer(815301076,1909f56bfc062723c751e8b465ee728b)  -> (artifact id: '91c967742c32b74291ac8e68fdf5bd3d') in 0.008010 seconds
  Import took 0.010811 seconds .

========================================================================
Received Import Request.
  Time since last request: 0.000183 seconds.
  path: Assets/Prefabs/StepChild.prefab
  artifactKey: Guid(ff37fe192e0555743955c0cdc720d951) Importer(815301076,1909f56bfc062723c751e8b465ee728b)
Start importing Assets/Prefabs/StepChild.prefab using Guid(ff37fe192e0555743955c0cdc720d951) Importer(815301076,1909f56bfc062723c751e8b465ee728b)  -> (artifact id: '701b6202014f79cde5ae76de44977685') in 0.008166 seconds
  Import took 0.010972 seconds .

========================================================================
Received Import Request.
  Time since last request: 0.000191 seconds.
  path: Assets/Prefabs/PlayerObject.prefab
  artifactKey: Guid(ea457ee30e743c8488a2a1bb6ae2e1a4) Importer(815301076,1909f56bfc062723c751e8b465ee728b)
Start importing Assets/Prefabs/PlayerObject.prefab using Guid(ea457ee30e743c8488a2a1bb6ae2e1a4) Importer(815301076,1909f56bfc062723c751e8b465ee728b)  -> (artifact id: 'd1c521cdb7a77c1829f58f3ba7c47053') in 0.008490 seconds
  Import took 0.011281 seconds .

========================================================================
Received Import Request.
  Time since last request: 0.000174 seconds.
  path: Assets/Prefabs/PlayerUnit 1.prefab
  artifactKey: Guid(3d49adacd048f45429feff1a46c4f395) Importer(815301076,1909f56bfc062723c751e8b465ee728b)
Start importing Assets/Prefabs/PlayerUnit 1.prefab using Guid(3d49adacd048f45429feff1a46c4f395) Importer(815301076,1909f56bfc062723c751e8b465ee728b)  -> (artifact id: '12dbebd57eb035205f09d1542ddf9b7d') in 0.011971 seconds
  Import took 0.014472 seconds .

========================================================================
Received Import Request.
  Time since last request: 0.000170 seconds.
  path: Assets/Prefabs/Text (4).prefab
  artifactKey: Guid(51c7a2f0ae081764890d74e64d204b1f) Importer(815301076,1909f56bfc062723c751e8b465ee728b)
Start importing Assets/Prefabs/Text (4).prefab using Guid(51c7a2f0ae081764890d74e64d204b1f) Importer(815301076,1909f56bfc062723c751e8b465ee728b)  -> (artifact id: '7cff98781b753589807ba9d02e6045bb') in 0.008847 seconds
  Import took 0.011510 seconds .

========================================================================
Received Import Request.
  Time since last request: 0.000177 seconds.
  path: Assets/Prefabs/Slider (2).prefab
  artifactKey: Guid(ef986c5def0bf2946bc807f5517da6c2) Importer(815301076,1909f56bfc062723c751e8b465ee728b)
Start importing Assets/Prefabs/Slider (2).prefab using Guid(ef986c5def0bf2946bc807f5517da6c2) Importer(815301076,1909f56bfc062723c751e8b465ee728b)  -> (artifact id: 'eb48f9847f10465b0852340b8181c934') in 0.011802 seconds
  Import took 0.014603 seconds .

========================================================================
Received Import Request.
  Time since last request: 0.000179 seconds.
  path: Assets/Prefabs/Canvas.prefab
  artifactKey: Guid(7529fdac36a590b47937023e7878b6c4) Importer(815301076,1909f56bfc062723c751e8b465ee728b)
Start importing Assets/Prefabs/Canvas.prefab using Guid(7529fdac36a590b47937023e7878b6c4) Importer(815301076,1909f56bfc062723c751e8b465ee728b)  -> (artifact id: '434c8bad03db2e24bedd46e01ffc8852') in 0.012743 seconds
  Import took 0.015791 seconds .

========================================================================
Received Import Request.
  Time since last request: 0.000186 seconds.
  path: Assets/Prefabs/Spphere.prefab
  artifactKey: Guid(60847227cad056a4aadb5e3a7a30525a) Importer(815301076,1909f56bfc062723c751e8b465ee728b)
Start importing Assets/Prefabs/Spphere.prefab using Guid(60847227cad056a4aadb5e3a7a30525a) Importer(815301076,1909f56bfc062723c751e8b465ee728b)  -> (artifact id: 'd9ef7bf6aec3d797d53bc2a6dc1655b9') in 0.011275 seconds
  Import took 0.013708 seconds .

========================================================================
Received Import Request.
  Time since last request: 0.000170 seconds.
  path: Assets/Prefabs/mesh.mat
  artifactKey: Guid(b1484b38f78c3124399c278829f14127) Importer(815301076,1909f56bfc062723c751e8b465ee728b)
Start importing Assets/Prefabs/mesh.mat using Guid(b1484b38f78c3124399c278829f14127) Importer(815301076,1909f56bfc062723c751e8b465ee728b)  -> (artifact id: '878ff20a0c75f66594d7653aac4e1c4a') in 0.031346 seconds
  Import took 0.033745 seconds .

========================================================================
Received Import Request.
  Time since last request: 0.000210 seconds.
  path: Assets/Prefabs/PlayerUnit.prefab
  artifactKey: Guid(0c230719000d6494ab87201669980998) Importer(815301076,1909f56bfc062723c751e8b465ee728b)
Start importing Assets/Prefabs/PlayerUnit.prefab using Guid(0c230719000d6494ab87201669980998) Importer(815301076,1909f56bfc062723c751e8b465ee728b)  -> (artifact id: '09c69e35b34e5ce5f45e32157d81ef68') in 0.014076 seconds
  Import took 0.017042 seconds .

========================================================================
Received Prepare
Registering precompiled user dll's ...
Registered in 0.003063 seconds.
Begin MonoManager ReloadAssembly
Native extension for WindowsStandalone target not found
Refreshing native plugins compatible for Editor in 0.41 ms, found 0 plugins.
Preloading 0 native plugins for Editor in 0.00 ms.
Invoked RoslynAnalysisRunner static constructor.
RoslynAnalysisRunner will not be running.
RoslynAnalysisRunner has terminated.
Mono: successfully reloaded assembly
- Completed reload, in  0.672 seconds
Platform modules already initialized, skipping
Switching build target platform(5) subTarget(0) extendedPlatform(0) -> platform(13) subTarget(524288) extendedPlatform(0)
Refreshing native plugins compatible for Editor in 0.41 ms, found 0 plugins.
Preloading 0 native plugins for Editor in 0.00 ms.
Unloading 1688 Unused Serialized files (Serialized files now loaded: 0)
System memory in use before: 79.5 MB.
System memory in use after: 79.6 MB.

Unloading 16 unused Assets to reduce memory usage. Loaded Objects now: 2199.
Total: 1.831700 ms (FindLiveObjects: 0.270100 ms CreateObjectMapping: 0.052100 ms MarkObjects: 1.474800 ms  DeleteObjects: 0.033100 ms)

AssetImportParameters requested are different than current active one (requested -> active):
  custom:graphics/normal-map-encoding: 01000000000000000000000000000000 -> 02000000000000000000000000000000
========================================================================
Received Prepare
Registering precompiled user dll's ...
Registered in 0.003114 seconds.
Begin MonoManager ReloadAssembly
Native extension for WindowsStandalone target not found
Refreshing native plugins compatible for Editor in 0.42 ms, found 0 plugins.
Preloading 0 native plugins for Editor in 0.00 ms.
Invoked RoslynAnalysisRunner static constructor.
RoslynAnalysisRunner will not be running.
RoslynAnalysisRunner has terminated.
Mono: successfully reloaded assembly
- Completed reload, in  0.688 seconds
Platform modules already initialized, skipping
Switching build target platform(5) subTarget(0) extendedPlatform(0) -> platform(13) subTarget(524288) extendedPlatform(0)
Refreshing native plugins compatible for Editor in 0.41 ms, found 0 plugins.
Preloading 0 native plugins for Editor in 0.00 ms.
Unloading 1688 Unused Serialized files (Serialized files now loaded: 0)
System memory in use before: 79.5 MB.
System memory in use after: 79.6 MB.

Unloading 12 unused Assets to reduce memory usage. Loaded Objects now: 2203.
Total: 1.699600 ms (FindLiveObjects: 0.204300 ms CreateObjectMapping: 0.038700 ms MarkObjects: 1.441800 ms  DeleteObjects: 0.013800 ms)

AssetImportParameters requested are different than current active one (requested -> active):
  custom:graphics/normal-map-encoding: 01000000000000000000000000000000 -> 02000000000000000000000000000000
========================================================================
Received Prepare
Refreshing native plugins compatible for Editor in 2.04 ms, found 0 plugins.
Preloading 0 native plugins for Editor in 0.00 ms.
Unloading 9 Unused Serialized files (Serialized files now loaded: 0)
System memory in use before: 46.4 MB.
System memory in use after: 46.5 MB.

Unloading 9 unused Assets to reduce memory usage. Loaded Objects now: 2203.
Total: 1.882100 ms (FindLiveObjects: 0.284700 ms CreateObjectMapping: 0.055400 ms MarkObjects: 1.532800 ms  DeleteObjects: 0.008500 ms)

========================================================================
Received Prepare
Refreshing native plugins compatible for Editor in 1.95 ms, found 0 plugins.
Preloading 0 native plugins for Editor in 0.00 ms.
Unloading 9 Unused Serialized files (Serialized files now loaded: 0)
System memory in use before: 46.4 MB.
System memory in use after: 46.5 MB.

Unloading 9 unused Assets to reduce memory usage. Loaded Objects now: 2203.
Total: 2.157400 ms (FindLiveObjects: 0.244000 ms CreateObjectMapping: 0.045400 ms MarkObjects: 1.853700 ms  DeleteObjects: 0.013100 ms)

========================================================================
Received Prepare
Registering precompiled user dll's ...
Registered in 0.002956 seconds.
Begin MonoManager ReloadAssembly
Native extension for WindowsStandalone target not found
Refreshing native plugins compatible for Editor in 0.43 ms, found 0 plugins.
Preloading 0 native plugins for Editor in 0.00 ms.
Invoked RoslynAnalysisRunner static constructor.
RoslynAnalysisRunner will not be running.
RoslynAnalysisRunner has terminated.
Mono: successfully reloaded assembly
- Completed reload, in  0.714 seconds
Platform modules already initialized, skipping
Switching build target platform(5) subTarget(0) extendedPlatform(0) -> platform(13) subTarget(524288) extendedPlatform(0)
Refreshing native plugins compatible for Editor in 0.43 ms, found 0 plugins.
Preloading 0 native plugins for Editor in 0.00 ms.
Unloading 1688 Unused Serialized files (Serialized files now loaded: 0)
System memory in use before: 79.5 MB.
System memory in use after: 79.7 MB.

Unloading 12 unused Assets to reduce memory usage. Loaded Objects now: 2207.
Total: 1.771800 ms (FindLiveObjects: 0.222000 ms CreateObjectMapping: 0.040700 ms MarkObjects: 1.492900 ms  DeleteObjects: 0.015200 ms)

AssetImportParameters requested are different than current active one (requested -> active):
  custom:graphics/normal-map-encoding: 01000000000000000000000000000000 -> 02000000000000000000000000000000
========================================================================
Received Prepare
Registering precompiled user dll's ...
Registered in 0.003123 seconds.
Begin MonoManager ReloadAssembly
Native extension for WindowsStandalone target not found
Refreshing native plugins compatible for Editor in 0.43 ms, found 0 plugins.
Preloading 0 native plugins for Editor in 0.00 ms.
Invoked RoslynAnalysisRunner static constructor.
RoslynAnalysisRunner will not be running.
RoslynAnalysisRunner has terminated.
Mono: successfully reloaded assembly
- Completed reload, in  0.726 seconds
Platform modules already initialized, skipping
Switching build target platform(5) subTarget(0) extendedPlatform(0) -> platform(13) subTarget(524288) extendedPlatform(0)
Refreshing native plugins compatible for Editor in 0.44 ms, found 0 plugins.
Preloading 0 native plugins for Editor in 0.00 ms.
Unloading 1688 Unused Serialized files (Serialized files now loaded: 0)
System memory in use before: 79.6 MB.
System memory in use after: 79.7 MB.

Unloading 12 unused Assets to reduce memory usage. Loaded Objects now: 2211.
Total: 1.803000 ms (FindLiveObjects: 0.259600 ms CreateObjectMapping: 0.039400 ms MarkObjects: 1.488200 ms  DeleteObjects: 0.014600 ms)

AssetImportParameters requested are different than current active one (requested -> active):
  custom:graphics/normal-map-encoding: 01000000000000000000000000000000 -> 02000000000000000000000000000000
========================================================================
Received Prepare
Registering precompiled user dll's ...
Registered in 0.003056 seconds.
Begin MonoManager ReloadAssembly
Native extension for WindowsStandalone target not found
Refreshing native plugins compatible for Editor in 0.45 ms, found 0 plugins.
Preloading 0 native plugins for Editor in 0.00 ms.
Invoked RoslynAnalysisRunner static constructor.
RoslynAnalysisRunner will not be running.
RoslynAnalysisRunner has terminated.
Mono: successfully reloaded assembly
- Completed reload, in  0.708 seconds
Platform modules already initialized, skipping
Switching build target platform(5) subTarget(0) extendedPlatform(0) -> platform(13) subTarget(524288) extendedPlatform(0)
Refreshing native plugins compatible for Editor in 0.42 ms, found 0 plugins.
Preloading 0 native plugins for Editor in 0.00 ms.
Unloading 1688 Unused Serialized files (Serialized files now loaded: 0)
System memory in use before: 79.6 MB.
System memory in use after: 79.7 MB.

Unloading 12 unused Assets to reduce memory usage. Loaded Objects now: 2215.
Total: 1.743400 ms (FindLiveObjects: 0.218200 ms CreateObjectMapping: 0.039600 ms MarkObjects: 1.469900 ms  DeleteObjects: 0.014900 ms)

AssetImportParameters requested are different than current active one (requested -> active):
  custom:graphics/normal-map-encoding: 01000000000000000000000000000000 -> 02000000000000000000000000000000
========================================================================
Received Prepare
Refreshing native plugins compatible for Editor in 2.13 ms, found 0 plugins.
Preloading 0 native plugins for Editor in 0.00 ms.
Unloading 9 Unused Serialized files (Serialized files now loaded: 0)
System memory in use before: 46.4 MB.
System memory in use after: 46.5 MB.

Unloading 9 unused Assets to reduce memory usage. Loaded Objects now: 2215.
Total: 1.747300 ms (FindLiveObjects: 0.226700 ms CreateObjectMapping: 0.043500 ms MarkObjects: 1.466600 ms  DeleteObjects: 0.009500 ms)

========================================================================
Received Prepare
Refreshing native plugins compatible for Editor in 1.98 ms, found 0 plugins.
Preloading 0 native plugins for Editor in 0.00 ms.
Unloading 9 Unused Serialized files (Serialized files now loaded: 0)
System memory in use before: 46.4 MB.
System memory in use after: 46.5 MB.

Unloading 9 unused Assets to reduce memory usage. Loaded Objects now: 2215.
Total: 2.150000 ms (FindLiveObjects: 0.338700 ms CreateObjectMapping: 0.057500 ms MarkObjects: 1.742000 ms  DeleteObjects: 0.011000 ms)

