Using pre-set license
Built from '2020.3/release' branch; Version is '2020.3.1f1 (77a89f25062f) revision 7841951'; Using compiler version '192528614'; Build Type 'Release'
OS: 'Windows 10 Education; OS build 19042.1237; Version 2009; 64bit' Language: 'hu' Physical Memory: 32715 MB
BatchMode: 1, IsHumanControllingUs: 0, StartBugReporterOnCrash: 0, Is64bit: 1, IsPro: 0

 COMMAND LINE ARGUMENTS:
C:\Program Files\Unity\Hub\Editor\2020.3.1f1\Editor\Unity.exe
-adb2
-batchMode
-noUpm
-name
AssetImportWorker0
-projectPath
C:/Users/kortvelyin00/Documents/Unity projects/BuildMap2
-logFile
Logs/AssetImportWorker0.log
-srvPort
50256
Successfully changed project path to: C:/Users/kortvelyin00/Documents/Unity projects/BuildMap2
C:/Users/kortvelyin00/Documents/Unity projects/BuildMap2
Using Asset Import Pipeline V2.
Refreshing native plugins compatible for Editor in 27.22 ms, found 0 plugins.
Preloading 0 native plugins for Editor in 0.00 ms.
Initialize engine version: 2020.3.1f1 (77a89f25062f)
[Subsystems] Discovering subsystems at path C:/Program Files/Unity/Hub/Editor/2020.3.1f1/Editor/Data/Resources/UnitySubsystems
[Subsystems] Discovering subsystems at path C:/Users/kortvelyin00/Documents/Unity projects/BuildMap2/Assets
GfxDevice: creating device client; threaded=0
Direct3D:
    Version:  Direct3D 11.0 [level 11.1]
    Renderer: NVIDIA GeForce GTX 1650 (ID=0x1f0a)
    Vendor:   
    VRAM:     3961 MB
    Driver:   27.21.14.5671
Initialize mono
Mono path[0] = 'C:/Program Files/Unity/Hub/Editor/2020.3.1f1/Editor/Data/Managed'
Mono path[1] = 'C:/Program Files/Unity/Hub/Editor/2020.3.1f1/Editor/Data/MonoBleedingEdge/lib/mono/unityjit'
Mono config path = 'C:/Program Files/Unity/Hub/Editor/2020.3.1f1/Editor/Data/MonoBleedingEdge/etc'
Using monoOptions --debugger-agent=transport=dt_socket,embedding=1,server=y,suspend=n,address=127.0.0.1:56452
Begin MonoManager ReloadAssembly
Registering precompiled unity dll's ...
Register platform support module: C:/Program Files/Unity/Hub/Editor/2020.3.1f1/Editor/Data/PlaybackEngines/WindowsStandaloneSupport/UnityEditor.WindowsStandalone.Extensions.dll
Registered in 0.001875 seconds.
Native extension for WindowsStandalone target not found
Refreshing native plugins compatible for Editor in 27.73 ms, found 0 plugins.
Preloading 0 native plugins for Editor in 0.00 ms.
Invoked RoslynAnalysisRunner static constructor.
RoslynAnalysisRunner will not be running.
RoslynAnalysisRunner has terminated.
Mono: successfully reloaded assembly
- Completed reload, in  1.646 seconds
Platform modules already initialized, skipping
Registering precompiled user dll's ...
Registered in 0.003317 seconds.
Begin MonoManager ReloadAssembly
Native extension for WindowsStandalone target not found
Refreshing native plugins compatible for Editor in 0.41 ms, found 0 plugins.
Preloading 0 native plugins for Editor in 0.00 ms.
Invoked RoslynAnalysisRunner static constructor.
RoslynAnalysisRunner will not be running.
RoslynAnalysisRunner has terminated.
Mono: successfully reloaded assembly
- Completed reload, in  0.741 seconds
Platform modules already initialized, skipping
========================================================================
Worker process is ready to serve import requests
Launched and connected shader compiler UnityShaderCompiler.exe after 0.04 seconds
Refreshing native plugins compatible for Editor in 0.43 ms, found 0 plugins.
Preloading 0 native plugins for Editor in 0.00 ms.
Unloading 1714 Unused Serialized files (Serialized files now loaded: 0)
System memory in use before: 78.2 MB.
System memory in use after: 78.2 MB.

Unloading 17 unused Assets to reduce memory usage. Loaded Objects now: 2151.
Total: 2.100900 ms (FindLiveObjects: 0.277900 ms CreateObjectMapping: 0.055600 ms MarkObjects: 1.701500 ms  DeleteObjects: 0.065000 ms)

========================================================================
Received Import Request.
  path: Assets/Prefabs/PlayerObject Variant.prefab
  artifactKey: Guid(532f7d33b1de96f4d91618b3ab92b786) Importer(815301076,1909f56bfc062723c751e8b465ee728b)
Start importing Assets/Prefabs/PlayerObject Variant.prefab using Guid(532f7d33b1de96f4d91618b3ab92b786) Importer(815301076,1909f56bfc062723c751e8b465ee728b)  -> (artifact id: '175fb8553fb66bc45954d4cbecb29341') in 0.076500 seconds
  Import took 0.079708 seconds .

========================================================================
Received Import Request.
  Time since last request: 0.131681 seconds.
  path: Assets/Prefabs/PlayerButtons.prefab
  artifactKey: Guid(4f43ccfe19cb5c14e8eec806366b7524) Importer(815301076,1909f56bfc062723c751e8b465ee728b)
Start importing Assets/Prefabs/PlayerButtons.prefab using Guid(4f43ccfe19cb5c14e8eec806366b7524) Importer(815301076,1909f56bfc062723c751e8b465ee728b)  -> (artifact id: 'a4a94db3f90965a4004ec9f84dfcff01') in 0.013128 seconds
  Import took 0.016332 seconds .

========================================================================
Received Import Request.
  Time since last request: 0.156747 seconds.
  path: Assets/Prefabs/PlayerObject Variant.prefab
  artifactKey: Guid(532f7d33b1de96f4d91618b3ab92b786) Importer(815301076,1909f56bfc062723c751e8b465ee728b)
Start importing Assets/Prefabs/PlayerObject Variant.prefab using Guid(532f7d33b1de96f4d91618b3ab92b786) Importer(815301076,1909f56bfc062723c751e8b465ee728b)  -> (artifact id: 'd1d7cb4f423cb71ce553aff195347f8b') in 0.008587 seconds
  Import took 0.011678 seconds .

========================================================================
Received Import Request.
  Time since last request: 3.604683 seconds.
  path: Assets/Prefabs/PlayerObject Variant.prefab
  artifactKey: Guid(532f7d33b1de96f4d91618b3ab92b786) Importer(815301076,1909f56bfc062723c751e8b465ee728b)
Start importing Assets/Prefabs/PlayerObject Variant.prefab using Guid(532f7d33b1de96f4d91618b3ab92b786) Importer(815301076,1909f56bfc062723c751e8b465ee728b)  -> (artifact id: '40d837f583fc919b011d1b058366a47d') in 0.007474 seconds
  Import took 0.010532 seconds .

========================================================================
Received Prepare
Registering precompiled user dll's ...
Registered in 0.003027 seconds.
Begin MonoManager ReloadAssembly
Native extension for WindowsStandalone target not found
Refreshing native plugins compatible for Editor in 0.41 ms, found 0 plugins.
Preloading 0 native plugins for Editor in 0.00 ms.
Invoked RoslynAnalysisRunner static constructor.
RoslynAnalysisRunner will not be running.
RoslynAnalysisRunner has terminated.
Mono: successfully reloaded assembly
- Completed reload, in  0.692 seconds
Platform modules already initialized, skipping
Switching build target platform(5) subTarget(0) extendedPlatform(0) -> platform(13) subTarget(524288) extendedPlatform(0)
Refreshing native plugins compatible for Editor in 0.45 ms, found 0 plugins.
Preloading 0 native plugins for Editor in 0.00 ms.
Unloading 1688 Unused Serialized files (Serialized files now loaded: 0)
System memory in use before: 76.3 MB.
System memory in use after: 76.4 MB.

Unloading 13 unused Assets to reduce memory usage. Loaded Objects now: 2159.
Total: 1.758700 ms (FindLiveObjects: 0.234000 ms CreateObjectMapping: 0.040300 ms MarkObjects: 1.462100 ms  DeleteObjects: 0.021300 ms)

AssetImportParameters requested are different than current active one (requested -> active):
  custom:graphics/normal-map-encoding: 01000000000000000000000000000000 -> 02000000000000000000000000000000
========================================================================
Received Import Request.
  Time since last request: 826.509840 seconds.
  path: Assets/Prefabs/PlayerObject Variant.prefab
  artifactKey: Guid(532f7d33b1de96f4d91618b3ab92b786) Importer(815301076,1909f56bfc062723c751e8b465ee728b)
Start importing Assets/Prefabs/PlayerObject Variant.prefab using Guid(532f7d33b1de96f4d91618b3ab92b786) Importer(815301076,1909f56bfc062723c751e8b465ee728b)  -> (artifact id: '247674419046983c9bfd82905592e6fd') in 0.053899 seconds
  Import took 0.057159 seconds .

========================================================================
Received Prepare
Refreshing native plugins compatible for Editor in 2.21 ms, found 0 plugins.
Preloading 0 native plugins for Editor in 0.00 ms.
Unloading 9 Unused Serialized files (Serialized files now loaded: 0)
System memory in use before: 44.1 MB.
System memory in use after: 44.2 MB.

Unloading 10 unused Assets to reduce memory usage. Loaded Objects now: 2159.
Total: 2.619300 ms (FindLiveObjects: 0.377400 ms CreateObjectMapping: 0.050400 ms MarkObjects: 2.164700 ms  DeleteObjects: 0.025700 ms)

========================================================================
Received Import Request.
  Time since last request: 461.392892 seconds.
  path: Assets/Prefabs/PlayerObject Variant.prefab
  artifactKey: Guid(532f7d33b1de96f4d91618b3ab92b786) Importer(815301076,1909f56bfc062723c751e8b465ee728b)
Start importing Assets/Prefabs/PlayerObject Variant.prefab using Guid(532f7d33b1de96f4d91618b3ab92b786) Importer(815301076,1909f56bfc062723c751e8b465ee728b)  -> (artifact id: 'fe0db2433e2e39c6c9044fe936c0918e') in 0.010176 seconds
  Import took 0.013927 seconds .

========================================================================
Received Prepare
Refreshing native plugins compatible for Editor in 2.04 ms, found 0 plugins.
Preloading 0 native plugins for Editor in 0.00 ms.
Unloading 9 Unused Serialized files (Serialized files now loaded: 0)
System memory in use before: 44.1 MB.
System memory in use after: 44.2 MB.

Unloading 10 unused Assets to reduce memory usage. Loaded Objects now: 2159.
Total: 2.640100 ms (FindLiveObjects: 0.252300 ms CreateObjectMapping: 0.042300 ms MarkObjects: 2.316400 ms  DeleteObjects: 0.027400 ms)

========================================================================
Received Prepare
Registering precompiled user dll's ...
Registered in 0.003054 seconds.
Begin MonoManager ReloadAssembly
Native extension for WindowsStandalone target not found
Refreshing native plugins compatible for Editor in 0.43 ms, found 0 plugins.
Preloading 0 native plugins for Editor in 0.00 ms.
Invoked RoslynAnalysisRunner static constructor.
RoslynAnalysisRunner will not be running.
RoslynAnalysisRunner has terminated.
Mono: successfully reloaded assembly
- Completed reload, in  0.687 seconds
Platform modules already initialized, skipping
Switching build target platform(5) subTarget(0) extendedPlatform(0) -> platform(13) subTarget(524288) extendedPlatform(0)
Refreshing native plugins compatible for Editor in 0.42 ms, found 0 plugins.
Preloading 0 native plugins for Editor in 0.00 ms.
Unloading 1688 Unused Serialized files (Serialized files now loaded: 0)
System memory in use before: 76.3 MB.
System memory in use after: 76.5 MB.

Unloading 12 unused Assets to reduce memory usage. Loaded Objects now: 2163.
Total: 1.725000 ms (FindLiveObjects: 0.236000 ms CreateObjectMapping: 0.038000 ms MarkObjects: 1.435700 ms  DeleteObjects: 0.014400 ms)

AssetImportParameters requested are different than current active one (requested -> active):
  custom:graphics/normal-map-encoding: 01000000000000000000000000000000 -> 02000000000000000000000000000000
========================================================================
Received Prepare
Refreshing native plugins compatible for Editor in 2.05 ms, found 0 plugins.
Preloading 0 native plugins for Editor in 0.00 ms.
Unloading 9 Unused Serialized files (Serialized files now loaded: 0)
System memory in use before: 43.2 MB.
System memory in use after: 43.3 MB.

Unloading 9 unused Assets to reduce memory usage. Loaded Objects now: 2163.
Total: 2.120900 ms (FindLiveObjects: 0.257200 ms CreateObjectMapping: 0.039600 ms MarkObjects: 1.802200 ms  DeleteObjects: 0.019700 ms)

========================================================================
Received Prepare
Registering precompiled user dll's ...
Registered in 0.003149 seconds.
Begin MonoManager ReloadAssembly
Native extension for WindowsStandalone target not found
Refreshing native plugins compatible for Editor in 0.43 ms, found 0 plugins.
Preloading 0 native plugins for Editor in 0.00 ms.
Invoked RoslynAnalysisRunner static constructor.
RoslynAnalysisRunner will not be running.
RoslynAnalysisRunner has terminated.
Mono: successfully reloaded assembly
- Completed reload, in  0.690 seconds
Platform modules already initialized, skipping
Switching build target platform(5) subTarget(0) extendedPlatform(0) -> platform(13) subTarget(524288) extendedPlatform(0)
Refreshing native plugins compatible for Editor in 0.42 ms, found 0 plugins.
Preloading 0 native plugins for Editor in 0.00 ms.
Unloading 1688 Unused Serialized files (Serialized files now loaded: 0)
System memory in use before: 76.4 MB.
System memory in use after: 76.5 MB.

Unloading 12 unused Assets to reduce memory usage. Loaded Objects now: 2167.
Total: 1.754900 ms (FindLiveObjects: 0.206800 ms CreateObjectMapping: 0.048200 ms MarkObjects: 1.484200 ms  DeleteObjects: 0.014900 ms)

AssetImportParameters requested are different than current active one (requested -> active):
  custom:graphics/normal-map-encoding: 01000000000000000000000000000000 -> 02000000000000000000000000000000
========================================================================
Received Import Request.
  Time since last request: 3220.785993 seconds.
  path: Assets/Prefabs/PlayerObject Variant.prefab
  artifactKey: Guid(532f7d33b1de96f4d91618b3ab92b786) Importer(815301076,1909f56bfc062723c751e8b465ee728b)
Start importing Assets/Prefabs/PlayerObject Variant.prefab using Guid(532f7d33b1de96f4d91618b3ab92b786) Importer(815301076,1909f56bfc062723c751e8b465ee728b)  -> (artifact id: 'b0ab9ffb7517984734978d72771b8ba0') in 0.051035 seconds
  Import took 0.054457 seconds .

========================================================================
Received Prepare
Refreshing native plugins compatible for Editor in 2.05 ms, found 0 plugins.
Preloading 0 native plugins for Editor in 0.00 ms.
Unloading 9 Unused Serialized files (Serialized files now loaded: 0)
System memory in use before: 44.1 MB.
System memory in use after: 44.3 MB.

Unloading 10 unused Assets to reduce memory usage. Loaded Objects now: 2167.
Total: 2.000300 ms (FindLiveObjects: 0.202600 ms CreateObjectMapping: 0.036300 ms MarkObjects: 1.741400 ms  DeleteObjects: 0.019000 ms)

========================================================================
Received Prepare
Registering precompiled user dll's ...
Registered in 0.003010 seconds.
Begin MonoManager ReloadAssembly
Native extension for WindowsStandalone target not found
Refreshing native plugins compatible for Editor in 0.42 ms, found 0 plugins.
Preloading 0 native plugins for Editor in 0.00 ms.
Invoked RoslynAnalysisRunner static constructor.
RoslynAnalysisRunner will not be running.
RoslynAnalysisRunner has terminated.
Mono: successfully reloaded assembly
- Completed reload, in  0.688 seconds
Platform modules already initialized, skipping
Switching build target platform(5) subTarget(0) extendedPlatform(0) -> platform(13) subTarget(524288) extendedPlatform(0)
Refreshing native plugins compatible for Editor in 0.42 ms, found 0 plugins.
Preloading 0 native plugins for Editor in 0.00 ms.
Unloading 1688 Unused Serialized files (Serialized files now loaded: 0)
System memory in use before: 76.4 MB.
System memory in use after: 76.5 MB.

Unloading 12 unused Assets to reduce memory usage. Loaded Objects now: 2171.
Total: 1.789500 ms (FindLiveObjects: 0.251200 ms CreateObjectMapping: 0.043800 ms MarkObjects: 1.479200 ms  DeleteObjects: 0.014000 ms)

AssetImportParameters requested are different than current active one (requested -> active):
  custom:graphics/normal-map-encoding: 01000000000000000000000000000000 -> 02000000000000000000000000000000
========================================================================
Received Prepare
Refreshing native plugins compatible for Editor in 2.04 ms, found 0 plugins.
Preloading 0 native plugins for Editor in 0.00 ms.
Unloading 9 Unused Serialized files (Serialized files now loaded: 0)
System memory in use before: 43.2 MB.
System memory in use after: 43.3 MB.

Unloading 9 unused Assets to reduce memory usage. Loaded Objects now: 2171.
Total: 1.840100 ms (FindLiveObjects: 0.207000 ms CreateObjectMapping: 0.041800 ms MarkObjects: 1.576600 ms  DeleteObjects: 0.013900 ms)

========================================================================
Received Prepare
Registering precompiled user dll's ...
Registered in 0.002956 seconds.
Begin MonoManager ReloadAssembly
Native extension for WindowsStandalone target not found
Refreshing native plugins compatible for Editor in 0.41 ms, found 0 plugins.
Preloading 0 native plugins for Editor in 0.00 ms.
Invoked RoslynAnalysisRunner static constructor.
RoslynAnalysisRunner will not be running.
RoslynAnalysisRunner has terminated.
Mono: successfully reloaded assembly
- Completed reload, in  0.679 seconds
Platform modules already initialized, skipping
Switching build target platform(5) subTarget(0) extendedPlatform(0) -> platform(13) subTarget(524288) extendedPlatform(0)
Refreshing native plugins compatible for Editor in 0.42 ms, found 0 plugins.
Preloading 0 native plugins for Editor in 0.00 ms.
Unloading 1688 Unused Serialized files (Serialized files now loaded: 0)
System memory in use before: 76.4 MB.
System memory in use after: 76.5 MB.

Unloading 12 unused Assets to reduce memory usage. Loaded Objects now: 2175.
Total: 1.729700 ms (FindLiveObjects: 0.215300 ms CreateObjectMapping: 0.045000 ms MarkObjects: 1.455700 ms  DeleteObjects: 0.012900 ms)

AssetImportParameters requested are different than current active one (requested -> active):
  custom:graphics/normal-map-encoding: 01000000000000000000000000000000 -> 02000000000000000000000000000000
========================================================================
Received Prepare
Registering precompiled user dll's ...
Registered in 0.003199 seconds.
Begin MonoManager ReloadAssembly
Native extension for WindowsStandalone target not found
Refreshing native plugins compatible for Editor in 0.42 ms, found 0 plugins.
Preloading 0 native plugins for Editor in 0.00 ms.
Invoked RoslynAnalysisRunner static constructor.
RoslynAnalysisRunner will not be running.
RoslynAnalysisRunner has terminated.
Mono: successfully reloaded assembly
- Completed reload, in  0.694 seconds
Platform modules already initialized, skipping
Switching build target platform(5) subTarget(0) extendedPlatform(0) -> platform(13) subTarget(524288) extendedPlatform(0)
Refreshing native plugins compatible for Editor in 0.41 ms, found 0 plugins.
Preloading 0 native plugins for Editor in 0.00 ms.
Unloading 1688 Unused Serialized files (Serialized files now loaded: 0)
System memory in use before: 76.4 MB.
System memory in use after: 76.5 MB.

Unloading 12 unused Assets to reduce memory usage. Loaded Objects now: 2179.
Total: 1.726100 ms (FindLiveObjects: 0.190500 ms CreateObjectMapping: 0.042300 ms MarkObjects: 1.478200 ms  DeleteObjects: 0.014300 ms)

AssetImportParameters requested are different than current active one (requested -> active):
  custom:graphics/normal-map-encoding: 01000000000000000000000000000000 -> 02000000000000000000000000000000
========================================================================
Received Prepare
Refreshing native plugins compatible for Editor in 2.13 ms, found 0 plugins.
Preloading 0 native plugins for Editor in 0.00 ms.
Unloading 9 Unused Serialized files (Serialized files now loaded: 0)
System memory in use before: 43.2 MB.
System memory in use after: 43.4 MB.

Unloading 9 unused Assets to reduce memory usage. Loaded Objects now: 2179.
Total: 1.952500 ms (FindLiveObjects: 0.234700 ms CreateObjectMapping: 0.042800 ms MarkObjects: 1.659000 ms  DeleteObjects: 0.015100 ms)

========================================================================
Received Prepare
Registering precompiled user dll's ...
Registered in 0.003247 seconds.
Begin MonoManager ReloadAssembly
Native extension for WindowsStandalone target not found
Refreshing native plugins compatible for Editor in 0.72 ms, found 0 plugins.
Preloading 0 native plugins for Editor in 0.00 ms.
Invoked RoslynAnalysisRunner static constructor.
RoslynAnalysisRunner will not be running.
RoslynAnalysisRunner has terminated.
Mono: successfully reloaded assembly
- Completed reload, in  0.787 seconds
Platform modules already initialized, skipping
Switching build target platform(5) subTarget(0) extendedPlatform(0) -> platform(13) subTarget(524288) extendedPlatform(0)
Refreshing native plugins compatible for Editor in 0.43 ms, found 0 plugins.
Preloading 0 native plugins for Editor in 0.00 ms.
Unloading 1688 Unused Serialized files (Serialized files now loaded: 0)
System memory in use before: 76.4 MB.
System memory in use after: 76.5 MB.

Unloading 12 unused Assets to reduce memory usage. Loaded Objects now: 2183.
Total: 1.859500 ms (FindLiveObjects: 0.265700 ms CreateObjectMapping: 0.042500 ms MarkObjects: 1.534500 ms  DeleteObjects: 0.015600 ms)

AssetImportParameters requested are different than current active one (requested -> active):
  custom:graphics/normal-map-encoding: 01000000000000000000000000000000 -> 02000000000000000000000000000000
========================================================================
Received Prepare
Registering precompiled user dll's ...
Registered in 0.003054 seconds.
Begin MonoManager ReloadAssembly
Native extension for WindowsStandalone target not found
Refreshing native plugins compatible for Editor in 0.44 ms, found 0 plugins.
Preloading 0 native plugins for Editor in 0.00 ms.
Invoked RoslynAnalysisRunner static constructor.
RoslynAnalysisRunner will not be running.
RoslynAnalysisRunner has terminated.
Mono: successfully reloaded assembly
- Completed reload, in  0.724 seconds
Platform modules already initialized, skipping
Switching build target platform(5) subTarget(0) extendedPlatform(0) -> platform(13) subTarget(524288) extendedPlatform(0)
Refreshing native plugins compatible for Editor in 0.43 ms, found 0 plugins.
Preloading 0 native plugins for Editor in 0.00 ms.
Unloading 1688 Unused Serialized files (Serialized files now loaded: 0)
System memory in use before: 76.4 MB.
System memory in use after: 76.5 MB.

Unloading 12 unused Assets to reduce memory usage. Loaded Objects now: 2187.
Total: 1.858700 ms (FindLiveObjects: 0.192000 ms CreateObjectMapping: 0.045000 ms MarkObjects: 1.603800 ms  DeleteObjects: 0.016900 ms)

AssetImportParameters requested are different than current active one (requested -> active):
  custom:graphics/normal-map-encoding: 01000000000000000000000000000000 -> 02000000000000000000000000000000
========================================================================
Received Import Request.
  Time since last request: 3160.363940 seconds.
  path: Assets/Prefabs/PlayerObject Variant.prefab
  artifactKey: Guid(532f7d33b1de96f4d91618b3ab92b786) Importer(815301076,1909f56bfc062723c751e8b465ee728b)
Start importing Assets/Prefabs/PlayerObject Variant.prefab using Guid(532f7d33b1de96f4d91618b3ab92b786) Importer(815301076,1909f56bfc062723c751e8b465ee728b)  -> (artifact id: 'd113af88d8f55060ada4a04f05442a2c') in 0.051388 seconds
  Import took 0.054650 seconds .

========================================================================
Received Import Request.
  Time since last request: 13.371692 seconds.
  path: Assets/Prefabs/StepChild.prefab
  artifactKey: Guid(ff37fe192e0555743955c0cdc720d951) Importer(815301076,1909f56bfc062723c751e8b465ee728b)
Start importing Assets/Prefabs/StepChild.prefab using Guid(ff37fe192e0555743955c0cdc720d951) Importer(815301076,1909f56bfc062723c751e8b465ee728b)  -> (artifact id: '701b6202014f79cde5ae76de44977685') in 0.007557 seconds
  Import took 0.010411 seconds .

========================================================================
Received Import Request.
  Time since last request: 0.000846 seconds.
  path: Assets/Prefabs/StepChild.prefab
  artifactKey: Guid(ff37fe192e0555743955c0cdc720d951) Importer(815301076,1909f56bfc062723c751e8b465ee728b)
Start importing Assets/Prefabs/StepChild.prefab using Guid(ff37fe192e0555743955c0cdc720d951) Importer(815301076,1909f56bfc062723c751e8b465ee728b)  -> (artifact id: '701b6202014f79cde5ae76de44977685') in 0.003276 seconds
  Import took 0.005554 seconds .

========================================================================
Received Import Request.
  Time since last request: 10.855414 seconds.
  path: Assets/Prefabs/PlayerObject Variant.prefab
  artifactKey: Guid(532f7d33b1de96f4d91618b3ab92b786) Importer(815301076,1909f56bfc062723c751e8b465ee728b)
Start importing Assets/Prefabs/PlayerObject Variant.prefab using Guid(532f7d33b1de96f4d91618b3ab92b786) Importer(815301076,1909f56bfc062723c751e8b465ee728b)  -> (artifact id: '12cec468a7e9c9f5c913c471ff592e4d') in 0.008092 seconds
  Import took 0.011189 seconds .

========================================================================
Received Prepare
Refreshing native plugins compatible for Editor in 2.07 ms, found 0 plugins.
Preloading 0 native plugins for Editor in 0.00 ms.
Unloading 9 Unused Serialized files (Serialized files now loaded: 0)
System memory in use before: 44.2 MB.
System memory in use after: 44.3 MB.

Unloading 10 unused Assets to reduce memory usage. Loaded Objects now: 2187.
Total: 2.318200 ms (FindLiveObjects: 0.210100 ms CreateObjectMapping: 0.041900 ms MarkObjects: 2.046500 ms  DeleteObjects: 0.018700 ms)

========================================================================
Received Prepare
Registering precompiled user dll's ...
Registered in 0.003838 seconds.
Begin MonoManager ReloadAssembly
Native extension for WindowsStandalone target not found
Refreshing native plugins compatible for Editor in 0.41 ms, found 0 plugins.
Preloading 0 native plugins for Editor in 0.00 ms.
Invoked RoslynAnalysisRunner static constructor.
RoslynAnalysisRunner will not be running.
RoslynAnalysisRunner has terminated.
Mono: successfully reloaded assembly
- Completed reload, in  0.724 seconds
Platform modules already initialized, skipping
Switching build target platform(5) subTarget(0) extendedPlatform(0) -> platform(13) subTarget(524288) extendedPlatform(0)
Refreshing native plugins compatible for Editor in 0.42 ms, found 0 plugins.
Preloading 0 native plugins for Editor in 0.00 ms.
Unloading 1688 Unused Serialized files (Serialized files now loaded: 0)
System memory in use before: 76.4 MB.
System memory in use after: 76.5 MB.

Unloading 12 unused Assets to reduce memory usage. Loaded Objects now: 2191.
Total: 1.987100 ms (FindLiveObjects: 0.218500 ms CreateObjectMapping: 0.038800 ms MarkObjects: 1.714900 ms  DeleteObjects: 0.013600 ms)

AssetImportParameters requested are different than current active one (requested -> active):
  custom:graphics/normal-map-encoding: 01000000000000000000000000000000 -> 02000000000000000000000000000000
========================================================================
Received Prepare
Refreshing native plugins compatible for Editor in 2.11 ms, found 0 plugins.
Preloading 0 native plugins for Editor in 0.00 ms.
Unloading 9 Unused Serialized files (Serialized files now loaded: 0)
System memory in use before: 43.3 MB.
System memory in use after: 43.4 MB.

Unloading 9 unused Assets to reduce memory usage. Loaded Objects now: 2191.
Total: 2.083700 ms (FindLiveObjects: 0.297300 ms CreateObjectMapping: 0.040800 ms MarkObjects: 1.730700 ms  DeleteObjects: 0.013800 ms)

========================================================================
Received Prepare
Registering precompiled user dll's ...
Registered in 0.003411 seconds.
Begin MonoManager ReloadAssembly
Native extension for WindowsStandalone target not found
Refreshing native plugins compatible for Editor in 0.41 ms, found 0 plugins.
Preloading 0 native plugins for Editor in 0.00 ms.
Invoked RoslynAnalysisRunner static constructor.
RoslynAnalysisRunner will not be running.
RoslynAnalysisRunner has terminated.
Mono: successfully reloaded assembly
- Completed reload, in  0.706 seconds
Platform modules already initialized, skipping
Switching build target platform(5) subTarget(0) extendedPlatform(0) -> platform(13) subTarget(524288) extendedPlatform(0)
Refreshing native plugins compatible for Editor in 0.41 ms, found 0 plugins.
Preloading 0 native plugins for Editor in 0.00 ms.
Unloading 1688 Unused Serialized files (Serialized files now loaded: 0)
System memory in use before: 76.4 MB.
System memory in use after: 76.6 MB.

Unloading 12 unused Assets to reduce memory usage. Loaded Objects now: 2195.
Total: 1.775300 ms (FindLiveObjects: 0.219500 ms CreateObjectMapping: 0.043400 ms MarkObjects: 1.497400 ms  DeleteObjects: 0.014400 ms)

AssetImportParameters requested are different than current active one (requested -> active):
  custom:graphics/normal-map-encoding: 01000000000000000000000000000000 -> 02000000000000000000000000000000
========================================================================
Received Import Request.
  Time since last request: 576.570764 seconds.
  path: Assets/Prefabs/PlayerObject Variant.prefab
  artifactKey: Guid(532f7d33b1de96f4d91618b3ab92b786) Importer(815301076,1909f56bfc062723c751e8b465ee728b)
Start importing Assets/Prefabs/PlayerObject Variant.prefab using Guid(532f7d33b1de96f4d91618b3ab92b786) Importer(815301076,1909f56bfc062723c751e8b465ee728b)  -> (artifact id: 'c890845f604a5d0feda8cac0832bfc8b') in 0.051346 seconds
  Import took 0.054617 seconds .

========================================================================
Received Import Request.
  Time since last request: 59.741340 seconds.
  path: Assets/Prefabs/PlayerObject Variant.prefab
  artifactKey: Guid(532f7d33b1de96f4d91618b3ab92b786) Importer(815301076,1909f56bfc062723c751e8b465ee728b)
Start importing Assets/Prefabs/PlayerObject Variant.prefab using Guid(532f7d33b1de96f4d91618b3ab92b786) Importer(815301076,1909f56bfc062723c751e8b465ee728b)  -> (artifact id: 'cd338c54bf0e17393e5186f1cc3e8dba') in 0.009321 seconds
  Import took 0.012435 seconds .

========================================================================
Received Import Request.
  Time since last request: 339.985417 seconds.
  path: Assets/Prefabs/PlayerObject Variant.prefab
  artifactKey: Guid(532f7d33b1de96f4d91618b3ab92b786) Importer(815301076,1909f56bfc062723c751e8b465ee728b)
Start importing Assets/Prefabs/PlayerObject Variant.prefab using Guid(532f7d33b1de96f4d91618b3ab92b786) Importer(815301076,1909f56bfc062723c751e8b465ee728b)  -> (artifact id: '9770cac9a568251d283abbc4dfb99267') in 0.008374 seconds
  Import took 0.011826 seconds .

========================================================================
Received Import Request.
  Time since last request: 12.324694 seconds.
  path: Assets/Prefabs/PlayerObject Variant.prefab
  artifactKey: Guid(532f7d33b1de96f4d91618b3ab92b786) Importer(815301076,1909f56bfc062723c751e8b465ee728b)
Start importing Assets/Prefabs/PlayerObject Variant.prefab using Guid(532f7d33b1de96f4d91618b3ab92b786) Importer(815301076,1909f56bfc062723c751e8b465ee728b)  -> (artifact id: 'd2909d0163e6c2a74f96a29a088a89d0') in 0.008187 seconds
  Import took 0.011341 seconds .

========================================================================
Received Import Request.
  Time since last request: 1.809150 seconds.
  path: Assets/Prefabs/PlayerObject Variant.prefab
  artifactKey: Guid(532f7d33b1de96f4d91618b3ab92b786) Importer(815301076,1909f56bfc062723c751e8b465ee728b)
Start importing Assets/Prefabs/PlayerObject Variant.prefab using Guid(532f7d33b1de96f4d91618b3ab92b786) Importer(815301076,1909f56bfc062723c751e8b465ee728b)  -> (artifact id: '3a720fb02c64e99ec5efa0e34709482d') in 0.009463 seconds
  Import took 0.012976 seconds .

AssetImportWorkerClient::OnTransportError - code=2 error=End of file
